#
# A fatal error has been detected by the Java Runtime Environment:
#
#  Internal Error (classFileParser.cpp:3494), pid=11698, tid=140081848977152
#  Error: ShouldNotReachHere()
#
# JRE version: 6.0_24-b24
# Java VM: OpenJDK 64-Bit Server VM (20.0-b12 mixed mode linux-amd64 compressed oops)
# Derivative: IcedTea6 1.11.5
# Distribution: Ubuntu 12.04 LTS, package 6b24-1.11.5-0ubuntu1~12.04.1
# If you would like to submit a bug report, please include
# instructions how to reproduce the bug and visit:
#   https://bugs.launchpad.net/ubuntu/+source/openjdk-6/
#

---------------  T H R E A D  ---------------

Current thread (0x00007f6750007800):  JavaThread "Unknown thread" [_thread_in_vm, id=11703, stack(0x00007f6758c90000,0x00007f6758d91000)]

Stack: [0x00007f6758c90000,0x00007f6758d91000],  sp=0x00007f6758d8f080,  free space=1020k
Native frames: (J=compiled Java code, j=interpreted, Vv=VM code, C=native code)
V  [libjvm.so+0x7846a5]  VMError::report(outputStream*)+0x1255
V  [libjvm.so+0x784929]  VMError::report_and_die()+0x169
V  [libjvm.so+0x3bb5ea]  report_vm_error(char const*, int, char const*, char const*)+0x4a
V  [libjvm.so+0x351985]  ClassFileParser::parseClassFile(symbolHandle, Handle, Handle, KlassHandle, GrowableArray<Handle>*, symbolHandle&, bool, Thread*)+0x1545
V  [libjvm.so+0x355be3]  ClassLoader::load_classfile(symbolHandle, Thread*)+0x1f3
V  [libjvm.so+0x71c854]  SystemDictionary::load_instance_class(symbolHandle, Handle, Thread*)+0x354
V  [libjvm.so+0x71af60]  SystemDictionary::resolve_instance_class_or_null(symbolHandle, Handle, Handle, Thread*)+0x7c0
V  [libjvm.so+0x71cee3]  SystemDictionary::resolve_or_fail(symbolHandle, Handle, Handle, bool, Thread*)+0x33
V  [libjvm.so+0x71cfc4]  SystemDictionary::resolve_or_fail(symbolHandle, bool, Thread*)+0x14
V  [libjvm.so+0x71d070]  SystemDictionary::initialize_wk_klass(SystemDictionary::WKID, int, Thread*)+0xa0
V  [libjvm.so+0x71d0d9]  SystemDictionary::initialize_wk_klasses_until(SystemDictionary::WKID, SystemDictionary::WKID&, Thread*)+0x59
V  [libjvm.so+0x71d1d1]  SystemDictionary::initialize_preloaded_classes(Thread*)+0x71
V  [libjvm.so+0x760a5f]  Universe::genesis(Thread*)+0x11f
V  [libjvm.so+0x76140f]  universe2_init()+0x1f
V  [libjvm.so+0x474675]  init_globals()+0x95
V  [libjvm.so+0x74b38a]  Threads::create_vm(JavaVMInitArgs*, bool*)+0x1ea
V  [libjvm.so+0x4ce4d1]  JNI_CreateJavaVM+0x61
C  [java+0x317e]  JavaMain+0x7e


---------------  P R O C E S S  ---------------

Java Threads: ( => current thread )

Other Threads:

=>0x00007f6750007800 (exited) JavaThread "Unknown thread" [_thread_in_vm, id=11703, stack(0x00007f6758c90000,0x00007f6758d91000)]

VM state:not at safepoint (not fully initialized)

VM Mutex/Monitor currently owned by a thread: None

Dynamic libraries:
00400000-00409000 r-xp 00000000 08:01 29194                              /usr/lib/jvm/java-6-openjdk-amd64/jre/bin/java
00608000-00609000 r--p 00008000 08:01 29194                              /usr/lib/jvm/java-6-openjdk-amd64/jre/bin/java
00609000-0060a000 rw-p 00009000 08:01 29194                              /usr/lib/jvm/java-6-openjdk-amd64/jre/bin/java
0179a000-017bb000 rw-p 00000000 00:00 0                                  [heap]
779000000-77a4c0000 rw-p 00000000 00:00 0 
77a4c0000-783600000 rw-p 00000000 00:00 0 
783600000-788910000 rw-p 00000000 00:00 0 
788910000-7d6760000 rw-p 00000000 00:00 0 
7d6760000-7d90e0000 rw-p 00000000 00:00 0 
7d90e0000-800000000 rw-p 00000000 00:00 0 
7f673c000000-7f673c021000 rw-p 00000000 00:00 0 
7f673c021000-7f6740000000 ---p 00000000 00:00 0 
7f6740000000-7f6740021000 rw-p 00000000 00:00 0 
7f6740021000-7f6744000000 ---p 00000000 00:00 0 
7f6744000000-7f6744021000 rw-p 00000000 00:00 0 
7f6744021000-7f6748000000 ---p 00000000 00:00 0 
7f6748000000-7f6748021000 rw-p 00000000 00:00 0 
7f6748021000-7f674c000000 ---p 00000000 00:00 0 
7f674d000000-7f674d270000 rwxp 00000000 00:00 0 
7f674d270000-7f6750070000 rw-p 00000000 00:00 0 
7f6750070000-7f6754000000 ---p 00000000 00:00 0 
7f6754f80000-7f6754fe5000 r--s 004cb000 08:11 16787098                   /home/meltingshell/android-sdks/platforms/android-8/android.jar
7f6754fe5000-7f675500d000 rw-p 00000000 00:00 0 
7f675500d000-7f675500e000 ---p 00000000 00:00 0 
7f675500e000-7f675510e000 rw-p 00000000 00:00 0 
7f675510e000-7f675510f000 ---p 00000000 00:00 0 
7f675510f000-7f675520f000 rw-p 00000000 00:00 0 
7f675520f000-7f6755210000 ---p 00000000 00:00 0 
7f6755210000-7f6755310000 rw-p 00000000 00:00 0 
7f6755310000-7f6755311000 ---p 00000000 00:00 0 
7f6755311000-7f675541c000 rw-p 00000000 00:00 0 
7f675541c000-7f6755464000 rw-p 00000000 00:00 0 
7f6755464000-7f675548e000 rw-p 00000000 00:00 0 
7f675548e000-7f67556fd000 rw-p 00000000 00:00 0 
7f67556fd000-7f6755708000 rw-p 00000000 00:00 0 
7f6755708000-7f6755750000 rw-p 00000000 00:00 0 
7f6755750000-7f675577a000 rw-p 00000000 00:00 0 
7f675577a000-7f67559e8000 rw-p 00000000 00:00 0 
7f67559e8000-7f67559fe000 rw-p 00000000 00:00 0 
7f67559fe000-7f6755b35000 rw-p 00000000 00:00 0 
7f6755b35000-7f6755b36000 rw-p 00000000 00:00 0 
7f6755b36000-7f6755b3d000 r-xp 00000000 08:01 29177                      /usr/lib/jvm/java-6-openjdk-amd64/jre/lib/amd64/libzip.so
7f6755b3d000-7f6755d3c000 ---p 00007000 08:01 29177                      /usr/lib/jvm/java-6-openjdk-amd64/jre/lib/amd64/libzip.so
7f6755d3c000-7f6755d3d000 r--p 00006000 08:01 29177                      /usr/lib/jvm/java-6-openjdk-amd64/jre/lib/amd64/libzip.so
7f6755d3d000-7f6755d3e000 rw-p 00007000 08:01 29177                      /usr/lib/jvm/java-6-openjdk-amd64/jre/lib/amd64/libzip.so
7f6755d3e000-7f6755d4a000 r-xp 00000000 08:01 534106                     /lib/x86_64-linux-gnu/libnss_files-2.15.so
7f6755d4a000-7f6755f49000 ---p 0000c000 08:01 534106                     /lib/x86_64-linux-gnu/libnss_files-2.15.so
7f6755f49000-7f6755f4a000 r--p 0000b000 08:01 534106                     /lib/x86_64-linux-gnu/libnss_files-2.15.so
7f6755f4a000-7f6755f4b000 rw-p 0000c000 08:01 534106                     /lib/x86_64-linux-gnu/libnss_files-2.15.so
7f6755f4b000-7f6755f55000 r-xp 00000000 08:01 534102                     /lib/x86_64-linux-gnu/libnss_nis-2.15.so
7f6755f55000-7f6756155000 ---p 0000a000 08:01 534102                     /lib/x86_64-linux-gnu/libnss_nis-2.15.so
7f6756155000-7f6756156000 r--p 0000a000 08:01 534102                     /lib/x86_64-linux-gnu/libnss_nis-2.15.so
7f6756156000-7f6756157000 rw-p 0000b000 08:01 534102                     /lib/x86_64-linux-gnu/libnss_nis-2.15.so
7f6756157000-7f675616e000 r-xp 00000000 08:01 534255                     /lib/x86_64-linux-gnu/libnsl-2.15.so
7f675616e000-7f675636d000 ---p 00017000 08:01 534255                     /lib/x86_64-linux-gnu/libnsl-2.15.so
7f675636d000-7f675636e000 r--p 00016000 08:01 534255                     /lib/x86_64-linux-gnu/libnsl-2.15.so
7f675636e000-7f675636f000 rw-p 00017000 08:01 534255                     /lib/x86_64-linux-gnu/libnsl-2.15.so
7f675636f000-7f6756371000 rw-p 00000000 00:00 0 
7f6756371000-7f6756379000 r-xp 00000000 08:01 534246                     /lib/x86_64-linux-gnu/libnss_compat-2.15.so
7f6756379000-7f6756578000 ---p 00008000 08:01 534246                     /lib/x86_64-linux-gnu/libnss_compat-2.15.so
7f6756578000-7f6756579000 r--p 00007000 08:01 534246                     /lib/x86_64-linux-gnu/libnss_compat-2.15.so
7f6756579000-7f675657a000 rw-p 00008000 08:01 534246                     /lib/x86_64-linux-gnu/libnss_compat-2.15.so
7f675657a000-7f67565a6000 r-xp 00000000 08:01 11871                      /usr/lib/jvm/java-6-openjdk-amd64/jre/lib/amd64/libjava.so
7f67565a6000-7f67567a5000 ---p 0002c000 08:01 11871                      /usr/lib/jvm/java-6-openjdk-amd64/jre/lib/amd64/libjava.so
7f67567a5000-7f67567a6000 r--p 0002b000 08:01 11871                      /usr/lib/jvm/java-6-openjdk-amd64/jre/lib/amd64/libjava.so
7f67567a6000-7f67567a9000 rw-p 0002c000 08:01 11871                      /usr/lib/jvm/java-6-openjdk-amd64/jre/lib/amd64/libjava.so
7f67567a9000-7f67567b7000 r-xp 00000000 08:01 29169                      /usr/lib/jvm/java-6-openjdk-amd64/jre/lib/amd64/libverify.so
7f67567b7000-7f67569b6000 ---p 0000e000 08:01 29169                      /usr/lib/jvm/java-6-openjdk-amd64/jre/lib/amd64/libverify.so
7f67569b6000-7f67569b8000 r--p 0000d000 08:01 29169                      /usr/lib/jvm/java-6-openjdk-amd64/jre/lib/amd64/libverify.so
7f67569b8000-7f67569b9000 rw-p 0000f000 08:01 29169                      /usr/lib/jvm/java-6-openjdk-amd64/jre/lib/amd64/libverify.so
7f67569b9000-7f67569c0000 r-xp 00000000 08:01 534100                     /lib/x86_64-linux-gnu/librt-2.15.so
7f67569c0000-7f6756bbf000 ---p 00007000 08:01 534100                     /lib/x86_64-linux-gnu/librt-2.15.so
7f6756bbf000-7f6756bc0000 r--p 00006000 08:01 534100                     /lib/x86_64-linux-gnu/librt-2.15.so
7f6756bc0000-7f6756bc1000 rw-p 00007000 08:01 534100                     /lib/x86_64-linux-gnu/librt-2.15.so
7f6756bc1000-7f6756bd6000 r-xp 00000000 08:01 527696                     /lib/x86_64-linux-gnu/libgcc_s.so.1
7f6756bd6000-7f6756dd5000 ---p 00015000 08:01 527696                     /lib/x86_64-linux-gnu/libgcc_s.so.1
7f6756dd5000-7f6756dd6000 r--p 00014000 08:01 527696                     /lib/x86_64-linux-gnu/libgcc_s.so.1
7f6756dd6000-7f6756dd7000 rw-p 00015000 08:01 527696                     /lib/x86_64-linux-gnu/libgcc_s.so.1
7f6756dd7000-7f6756ed2000 r-xp 00000000 08:01 534104                     /lib/x86_64-linux-gnu/libm-2.15.so
7f6756ed2000-7f67570d1000 ---p 000fb000 08:01 534104                     /lib/x86_64-linux-gnu/libm-2.15.so
7f67570d1000-7f67570d2000 r--p 000fa000 08:01 534104                     /lib/x86_64-linux-gnu/libm-2.15.so
7f67570d2000-7f67570d3000 rw-p 000fb000 08:01 534104                     /lib/x86_64-linux-gnu/libm-2.15.so
7f67570d3000-7f67571b5000 r-xp 00000000 08:01 10454                      /usr/lib/x86_64-linux-gnu/libstdc++.so.6.0.16
7f67571b5000-7f67573b4000 ---p 000e2000 08:01 10454                      /usr/lib/x86_64-linux-gnu/libstdc++.so.6.0.16
7f67573b4000-7f67573bc000 r--p 000e1000 08:01 10454                      /usr/lib/x86_64-linux-gnu/libstdc++.so.6.0.16
7f67573bc000-7f67573be000 rw-p 000e9000 08:01 10454                      /usr/lib/x86_64-linux-gnu/libstdc++.so.6.0.16
7f67573be000-7f67573d3000 rw-p 00000000 00:00 0 
7f67573d3000-7f6757cd8000 r-xp 00000000 08:01 11867                      /usr/lib/jvm/java-6-openjdk-amd64/jre/lib/amd64/server/libjvm.so
7f6757cd8000-7f6757ed8000 ---p 00905000 08:01 11867                      /usr/lib/jvm/java-6-openjdk-amd64/jre/lib/amd64/server/libjvm.so
7f6757ed8000-7f6757f58000 r--p 00905000 08:01 11867                      /usr/lib/jvm/java-6-openjdk-amd64/jre/lib/amd64/server/libjvm.so
7f6757f58000-7f6757f73000 rw-p 00985000 08:01 11867                      /usr/lib/jvm/java-6-openjdk-amd64/jre/lib/amd64/server/libjvm.so
7f6757f73000-7f6757f9c000 rw-p 00000000 00:00 0 
7f6757f9c000-7f6757fb2000 r-xp 00000000 08:01 527786                     /lib/x86_64-linux-gnu/libz.so.1.2.3.4
7f6757fb2000-7f67581b1000 ---p 00016000 08:01 527786                     /lib/x86_64-linux-gnu/libz.so.1.2.3.4
7f67581b1000-7f67581b2000 r--p 00015000 08:01 527786                     /lib/x86_64-linux-gnu/libz.so.1.2.3.4
7f67581b2000-7f67581b3000 rw-p 00016000 08:01 527786                     /lib/x86_64-linux-gnu/libz.so.1.2.3.4
7f67581b3000-7f6758368000 r-xp 00000000 08:01 534096                     /lib/x86_64-linux-gnu/libc-2.15.so
7f6758368000-7f6758567000 ---p 001b5000 08:01 534096                     /lib/x86_64-linux-gnu/libc-2.15.so
7f6758567000-7f675856b000 r--p 001b4000 08:01 534096                     /lib/x86_64-linux-gnu/libc-2.15.so
7f675856b000-7f675856d000 rw-p 001b8000 08:01 534096                     /lib/x86_64-linux-gnu/libc-2.15.so
7f675856d000-7f6758572000 rw-p 00000000 00:00 0 
7f6758572000-7f6758574000 r-xp 00000000 08:01 534095                     /lib/x86_64-linux-gnu/libdl-2.15.so
7f6758574000-7f6758774000 ---p 00002000 08:01 534095                     /lib/x86_64-linux-gnu/libdl-2.15.so
7f6758774000-7f6758775000 r--p 00002000 08:01 534095                     /lib/x86_64-linux-gnu/libdl-2.15.so
7f6758775000-7f6758776000 rw-p 00003000 08:01 534095                     /lib/x86_64-linux-gnu/libdl-2.15.so
7f6758776000-7f675877a000 r-xp 00000000 08:01 11872                      /usr/lib/jvm/java-6-openjdk-amd64/jre/lib/amd64/jli/libjli.so
7f675877a000-7f6758979000 ---p 00004000 08:01 11872                      /usr/lib/jvm/java-6-openjdk-amd64/jre/lib/amd64/jli/libjli.so
7f6758979000-7f675897a000 r--p 00003000 08:01 11872                      /usr/lib/jvm/java-6-openjdk-amd64/jre/lib/amd64/jli/libjli.so
7f675897a000-7f675897b000 rw-p 00004000 08:01 11872                      /usr/lib/jvm/java-6-openjdk-amd64/jre/lib/amd64/jli/libjli.so
7f675897b000-7f6758993000 r-xp 00000000 08:01 534098                     /lib/x86_64-linux-gnu/libpthread-2.15.so
7f6758993000-7f6758b92000 ---p 00018000 08:01 534098                     /lib/x86_64-linux-gnu/libpthread-2.15.so
7f6758b92000-7f6758b93000 r--p 00017000 08:01 534098                     /lib/x86_64-linux-gnu/libpthread-2.15.so
7f6758b93000-7f6758b94000 rw-p 00018000 08:01 534098                     /lib/x86_64-linux-gnu/libpthread-2.15.so
7f6758b94000-7f6758b98000 rw-p 00000000 00:00 0 
7f6758b98000-7f6758bba000 r-xp 00000000 08:01 534250                     /lib/x86_64-linux-gnu/ld-2.15.so
7f6758bd0000-7f6758bda000 rw-p 00000000 00:00 0 
7f6758bda000-7f6758c90000 rw-p 00000000 00:00 0 
7f6758c90000-7f6758c93000 ---p 00000000 00:00 0 
7f6758c93000-7f6758d96000 rw-p 00000000 00:00 0 
7f6758dae000-7f6758db6000 rw-s 00000000 08:01 42535                      /tmp/hsperfdata_meltingshell/11698
7f6758db6000-7f6758db7000 rw-p 00000000 00:00 0 
7f6758db7000-7f6758db8000 r--p 00000000 00:00 0 
7f6758db8000-7f6758dba000 rw-p 00000000 00:00 0 
7f6758dba000-7f6758dbb000 r--p 00022000 08:01 534250                     /lib/x86_64-linux-gnu/ld-2.15.so
7f6758dbb000-7f6758dbd000 rw-p 00023000 08:01 534250                     /lib/x86_64-linux-gnu/ld-2.15.so
7fff50734000-7fff50755000 rw-p 00000000 00:00 0                          [stack]
7fff507ff000-7fff50800000 r-xp 00000000 00:00 0                          [vdso]
ffffffffff600000-ffffffffff601000 r-xp 00000000 00:00 0                  [vsyscall]

VM Arguments:
jvm_args: -Dfile.encoding=UTF-8 -Xbootclasspath:/home/meltingshell/android-sdks/platforms/android-8/android.jar 
java_command: net.sf.oneWayCrypto.CryptoUtils
Launcher Type: SUN_STANDARD

Environment Variables:
PATH=/usr/local/sbin:/usr/local/bin:/usr/sbin:/usr/bin:/sbin:/bin:/usr/games
USERNAME=meltingshell
LD_LIBRARY_PATH=/usr/lib/jvm/java-6-openjdk-amd64/jre/lib/amd64/server:/usr/lib/jvm/java-6-openjdk-amd64/jre/lib/amd64:/usr/lib/jvm/java-6-openjdk-amd64/jre/../lib/amd64
SHELL=/bin/bash
DISPLAY=:0

Signal Handlers:
SIGSEGV: [libjvm.so+0x7852e0], sa_mask[0]=0x7ffbfeff, sa_flags=0x10000004
SIGBUS: [libjvm.so+0x7852e0], sa_mask[0]=0x7ffbfeff, sa_flags=0x10000004
SIGFPE: [libjvm.so+0x648d40], sa_mask[0]=0x7ffbfeff, sa_flags=0x10000004
SIGPIPE: [libjvm.so+0x648d40], sa_mask[0]=0x7ffbfeff, sa_flags=0x10000004
SIGXFSZ: [libjvm.so+0x648d40], sa_mask[0]=0x7ffbfeff, sa_flags=0x10000004
SIGILL: [libjvm.so+0x648d40], sa_mask[0]=0x7ffbfeff, sa_flags=0x10000004
SIGUSR1: SIG_DFL, sa_mask[0]=0x00000000, sa_flags=0x00000000
SIGUSR2: [libjvm.so+0x648ef0], sa_mask[0]=0x00000004, sa_flags=0x10000004
SIGHUP: SIG_DFL, sa_mask[0]=0x00000000, sa_flags=0x00000000
SIGINT: SIG_DFL, sa_mask[0]=0x00000000, sa_flags=0x00000000
SIGTERM: SIG_DFL, sa_mask[0]=0x00000000, sa_flags=0x00000000
SIGQUIT: SIG_DFL, sa_mask[0]=0x00000000, sa_flags=0x00000000


---------------  S Y S T E M  ---------------

OS:LinuxMint 13 (maya)
uname:Linux 3.2.0-29-generic #46-Ubuntu SMP Fri Jul 27 17:03:23 UTC 2012 x86_64
libc:glibc 2.15 NPTL 2.15 
rlimit: STACK 8192k, CORE 0k, NPROC 63622, NOFILE 4096, AS infinity
load average:0.04 0.15 0.21

/proc/meminfo:
MemTotal:        8161252 kB
MemFree:         3009360 kB
Buffers:           93340 kB
Cached:          3047372 kB
SwapCached:            0 kB
Active:          3791584 kB
Inactive:        1084828 kB
Active(anon):    1736840 kB
Inactive(anon):    11648 kB
Active(file):    2054744 kB
Inactive(file):  1073180 kB
Unevictable:           0 kB
Mlocked:               0 kB
SwapTotal:             0 kB
SwapFree:              0 kB
Dirty:               164 kB
Writeback:             0 kB
AnonPages:       1736192 kB
Mapped:           184852 kB
Shmem:             12340 kB
Slab:             105424 kB
SReclaimable:      76880 kB
SUnreclaim:        28544 kB
KernelStack:        3008 kB
PageTables:        23988 kB
NFS_Unstable:          0 kB
Bounce:                0 kB
WritebackTmp:          0 kB
CommitLimit:     4080624 kB
Committed_AS:    3531824 kB
VmallocTotal:   34359738367 kB
VmallocUsed:      128400 kB
VmallocChunk:   34359606780 kB
HardwareCorrupted:     0 kB
AnonHugePages:         0 kB
HugePages_Total:       0
HugePages_Free:        0
HugePages_Rsvd:        0
HugePages_Surp:        0
Hugepagesize:       2048 kB
DirectMap4k:      138880 kB
DirectMap2M:     8232960 kB


CPU:total 4 (4 cores per cpu, 1 threads per core) family 6 model 42 stepping 7, cmov, cx8, fxsr, mmx, sse, sse2, sse3, ssse3, sse4.1, sse4.2, popcnt

Memory: 4k page, physical 8161252k(3009360k free), swap 0k(0k free)

vm_info: OpenJDK 64-Bit Server VM (20.0-b12) for linux-amd64 JRE (1.6.0_24-b24), built on Oct 24 2012 16:17:28 by "buildd" with gcc 4.6.3

time: Wed Nov 21 17:42:20 2012
elapsed time: 0 seconds

