#
# A fatal error has been detected by the Java Runtime Environment:
#
#  Internal Error (classFileParser.cpp:3494), pid=14385, tid=139846241928960
#  Error: ShouldNotReachHere()
#
# JRE version: 6.0_24-b24
# Java VM: OpenJDK 64-Bit Server VM (20.0-b12 mixed mode linux-amd64 compressed oops)
# Derivative: IcedTea6 1.11.5
# Distribution: Ubuntu 12.04 LTS, package 6b24-1.11.5-0ubuntu1~12.04.1
# If you would like to submit a bug report, please include
# instructions how to reproduce the bug and visit:
#   https://bugs.launchpad.net/ubuntu/+source/openjdk-6/
#

---------------  T H R E A D  ---------------

Current thread (0x00007f3074007800):  JavaThread "Unknown thread" [_thread_in_vm, id=14390, stack(0x00007f307d82c000,0x00007f307d92d000)]

Stack: [0x00007f307d82c000,0x00007f307d92d000],  sp=0x00007f307d92b080,  free space=1020k
Native frames: (J=compiled Java code, j=interpreted, Vv=VM code, C=native code)
V  [libjvm.so+0x7846a5]  VMError::report(outputStream*)+0x1255
V  [libjvm.so+0x784929]  VMError::report_and_die()+0x169
V  [libjvm.so+0x3bb5ea]  report_vm_error(char const*, int, char const*, char const*)+0x4a
V  [libjvm.so+0x351985]  ClassFileParser::parseClassFile(symbolHandle, Handle, Handle, KlassHandle, GrowableArray<Handle>*, symbolHandle&, bool, Thread*)+0x1545
V  [libjvm.so+0x355be3]  ClassLoader::load_classfile(symbolHandle, Thread*)+0x1f3
V  [libjvm.so+0x71c854]  SystemDictionary::load_instance_class(symbolHandle, Handle, Thread*)+0x354
V  [libjvm.so+0x71af60]  SystemDictionary::resolve_instance_class_or_null(symbolHandle, Handle, Handle, Thread*)+0x7c0
V  [libjvm.so+0x71cee3]  SystemDictionary::resolve_or_fail(symbolHandle, Handle, Handle, bool, Thread*)+0x33
V  [libjvm.so+0x71cfc4]  SystemDictionary::resolve_or_fail(symbolHandle, bool, Thread*)+0x14
V  [libjvm.so+0x71d070]  SystemDictionary::initialize_wk_klass(SystemDictionary::WKID, int, Thread*)+0xa0
V  [libjvm.so+0x71d0d9]  SystemDictionary::initialize_wk_klasses_until(SystemDictionary::WKID, SystemDictionary::WKID&, Thread*)+0x59
V  [libjvm.so+0x71d1d1]  SystemDictionary::initialize_preloaded_classes(Thread*)+0x71
V  [libjvm.so+0x760a5f]  Universe::genesis(Thread*)+0x11f
V  [libjvm.so+0x76140f]  universe2_init()+0x1f
V  [libjvm.so+0x474675]  init_globals()+0x95
V  [libjvm.so+0x74b38a]  Threads::create_vm(JavaVMInitArgs*, bool*)+0x1ea
V  [libjvm.so+0x4ce4d1]  JNI_CreateJavaVM+0x61
C  [java+0x317e]  JavaMain+0x7e


---------------  P R O C E S S  ---------------

Java Threads: ( => current thread )

Other Threads:

=>0x00007f3074007800 (exited) JavaThread "Unknown thread" [_thread_in_vm, id=14390, stack(0x00007f307d82c000,0x00007f307d92d000)]

VM state:not at safepoint (not fully initialized)

VM Mutex/Monitor currently owned by a thread: None

Dynamic libraries:
00400000-00409000 r-xp 00000000 08:01 29194                              /usr/lib/jvm/java-6-openjdk-amd64/jre/bin/java
00608000-00609000 r--p 00008000 08:01 29194                              /usr/lib/jvm/java-6-openjdk-amd64/jre/bin/java
00609000-0060a000 rw-p 00009000 08:01 29194                              /usr/lib/jvm/java-6-openjdk-amd64/jre/bin/java
01821000-01842000 rw-p 00000000 00:00 0                                  [heap]
779000000-77a4c0000 rw-p 00000000 00:00 0 
77a4c0000-783600000 rw-p 00000000 00:00 0 
783600000-788910000 rw-p 00000000 00:00 0 
788910000-7d6760000 rw-p 00000000 00:00 0 
7d6760000-7d90e0000 rw-p 00000000 00:00 0 
7d90e0000-800000000 rw-p 00000000 00:00 0 
7f3054000000-7f3054021000 rw-p 00000000 00:00 0 
7f3054021000-7f3058000000 ---p 00000000 00:00 0 
7f305c000000-7f305c021000 rw-p 00000000 00:00 0 
7f305c021000-7f3060000000 ---p 00000000 00:00 0 
7f3064000000-7f3064021000 rw-p 00000000 00:00 0 
7f3064021000-7f3068000000 ---p 00000000 00:00 0 
7f306c000000-7f306c021000 rw-p 00000000 00:00 0 
7f306c021000-7f3070000000 ---p 00000000 00:00 0 
7f3071000000-7f3071270000 rwxp 00000000 00:00 0 
7f3071270000-7f3074070000 rw-p 00000000 00:00 0 
7f3074070000-7f3078000000 ---p 00000000 00:00 0 
7f3079b1c000-7f3079b81000 r--s 004cb000 08:11 16787098                   /home/meltingshell/android-sdks/platforms/android-8/android.jar
7f3079b81000-7f3079ba9000 rw-p 00000000 00:00 0 
7f3079ba9000-7f3079baa000 ---p 00000000 00:00 0 
7f3079baa000-7f3079caa000 rw-p 00000000 00:00 0 
7f3079caa000-7f3079cab000 ---p 00000000 00:00 0 
7f3079cab000-7f3079dab000 rw-p 00000000 00:00 0 
7f3079dab000-7f3079dac000 ---p 00000000 00:00 0 
7f3079dac000-7f3079eac000 rw-p 00000000 00:00 0 
7f3079eac000-7f3079ead000 ---p 00000000 00:00 0 
7f3079ead000-7f3079fb8000 rw-p 00000000 00:00 0 
7f3079fb8000-7f307a000000 rw-p 00000000 00:00 0 
7f307a000000-7f307a02a000 rw-p 00000000 00:00 0 
7f307a02a000-7f307a299000 rw-p 00000000 00:00 0 
7f307a299000-7f307a2a4000 rw-p 00000000 00:00 0 
7f307a2a4000-7f307a2ec000 rw-p 00000000 00:00 0 
7f307a2ec000-7f307a316000 rw-p 00000000 00:00 0 
7f307a316000-7f307a584000 rw-p 00000000 00:00 0 
7f307a584000-7f307a59a000 rw-p 00000000 00:00 0 
7f307a59a000-7f307a6d1000 rw-p 00000000 00:00 0 
7f307a6d1000-7f307a6d2000 rw-p 00000000 00:00 0 
7f307a6d2000-7f307a6d9000 r-xp 00000000 08:01 29177                      /usr/lib/jvm/java-6-openjdk-amd64/jre/lib/amd64/libzip.so
7f307a6d9000-7f307a8d8000 ---p 00007000 08:01 29177                      /usr/lib/jvm/java-6-openjdk-amd64/jre/lib/amd64/libzip.so
7f307a8d8000-7f307a8d9000 r--p 00006000 08:01 29177                      /usr/lib/jvm/java-6-openjdk-amd64/jre/lib/amd64/libzip.so
7f307a8d9000-7f307a8da000 rw-p 00007000 08:01 29177                      /usr/lib/jvm/java-6-openjdk-amd64/jre/lib/amd64/libzip.so
7f307a8da000-7f307a8e6000 r-xp 00000000 08:01 534106                     /lib/x86_64-linux-gnu/libnss_files-2.15.so
7f307a8e6000-7f307aae5000 ---p 0000c000 08:01 534106                     /lib/x86_64-linux-gnu/libnss_files-2.15.so
7f307aae5000-7f307aae6000 r--p 0000b000 08:01 534106                     /lib/x86_64-linux-gnu/libnss_files-2.15.so
7f307aae6000-7f307aae7000 rw-p 0000c000 08:01 534106                     /lib/x86_64-linux-gnu/libnss_files-2.15.so
7f307aae7000-7f307aaf1000 r-xp 00000000 08:01 534102                     /lib/x86_64-linux-gnu/libnss_nis-2.15.so
7f307aaf1000-7f307acf1000 ---p 0000a000 08:01 534102                     /lib/x86_64-linux-gnu/libnss_nis-2.15.so
7f307acf1000-7f307acf2000 r--p 0000a000 08:01 534102                     /lib/x86_64-linux-gnu/libnss_nis-2.15.so
7f307acf2000-7f307acf3000 rw-p 0000b000 08:01 534102                     /lib/x86_64-linux-gnu/libnss_nis-2.15.so
7f307acf3000-7f307ad0a000 r-xp 00000000 08:01 534255                     /lib/x86_64-linux-gnu/libnsl-2.15.so
7f307ad0a000-7f307af09000 ---p 00017000 08:01 534255                     /lib/x86_64-linux-gnu/libnsl-2.15.so
7f307af09000-7f307af0a000 r--p 00016000 08:01 534255                     /lib/x86_64-linux-gnu/libnsl-2.15.so
7f307af0a000-7f307af0b000 rw-p 00017000 08:01 534255                     /lib/x86_64-linux-gnu/libnsl-2.15.so
7f307af0b000-7f307af0d000 rw-p 00000000 00:00 0 
7f307af0d000-7f307af15000 r-xp 00000000 08:01 534246                     /lib/x86_64-linux-gnu/libnss_compat-2.15.so
7f307af15000-7f307b114000 ---p 00008000 08:01 534246                     /lib/x86_64-linux-gnu/libnss_compat-2.15.so
7f307b114000-7f307b115000 r--p 00007000 08:01 534246                     /lib/x86_64-linux-gnu/libnss_compat-2.15.so
7f307b115000-7f307b116000 rw-p 00008000 08:01 534246                     /lib/x86_64-linux-gnu/libnss_compat-2.15.so
7f307b116000-7f307b142000 r-xp 00000000 08:01 11871                      /usr/lib/jvm/java-6-openjdk-amd64/jre/lib/amd64/libjava.so
7f307b142000-7f307b341000 ---p 0002c000 08:01 11871                      /usr/lib/jvm/java-6-openjdk-amd64/jre/lib/amd64/libjava.so
7f307b341000-7f307b342000 r--p 0002b000 08:01 11871                      /usr/lib/jvm/java-6-openjdk-amd64/jre/lib/amd64/libjava.so
7f307b342000-7f307b345000 rw-p 0002c000 08:01 11871                      /usr/lib/jvm/java-6-openjdk-amd64/jre/lib/amd64/libjava.so
7f307b345000-7f307b353000 r-xp 00000000 08:01 29169                      /usr/lib/jvm/java-6-openjdk-amd64/jre/lib/amd64/libverify.so
7f307b353000-7f307b552000 ---p 0000e000 08:01 29169                      /usr/lib/jvm/java-6-openjdk-amd64/jre/lib/amd64/libverify.so
7f307b552000-7f307b554000 r--p 0000d000 08:01 29169                      /usr/lib/jvm/java-6-openjdk-amd64/jre/lib/amd64/libverify.so
7f307b554000-7f307b555000 rw-p 0000f000 08:01 29169                      /usr/lib/jvm/java-6-openjdk-amd64/jre/lib/amd64/libverify.so
7f307b555000-7f307b55c000 r-xp 00000000 08:01 534100                     /lib/x86_64-linux-gnu/librt-2.15.so
7f307b55c000-7f307b75b000 ---p 00007000 08:01 534100                     /lib/x86_64-linux-gnu/librt-2.15.so
7f307b75b000-7f307b75c000 r--p 00006000 08:01 534100                     /lib/x86_64-linux-gnu/librt-2.15.so
7f307b75c000-7f307b75d000 rw-p 00007000 08:01 534100                     /lib/x86_64-linux-gnu/librt-2.15.so
7f307b75d000-7f307b772000 r-xp 00000000 08:01 527696                     /lib/x86_64-linux-gnu/libgcc_s.so.1
7f307b772000-7f307b971000 ---p 00015000 08:01 527696                     /lib/x86_64-linux-gnu/libgcc_s.so.1
7f307b971000-7f307b972000 r--p 00014000 08:01 527696                     /lib/x86_64-linux-gnu/libgcc_s.so.1
7f307b972000-7f307b973000 rw-p 00015000 08:01 527696                     /lib/x86_64-linux-gnu/libgcc_s.so.1
7f307b973000-7f307ba6e000 r-xp 00000000 08:01 534104                     /lib/x86_64-linux-gnu/libm-2.15.so
7f307ba6e000-7f307bc6d000 ---p 000fb000 08:01 534104                     /lib/x86_64-linux-gnu/libm-2.15.so
7f307bc6d000-7f307bc6e000 r--p 000fa000 08:01 534104                     /lib/x86_64-linux-gnu/libm-2.15.so
7f307bc6e000-7f307bc6f000 rw-p 000fb000 08:01 534104                     /lib/x86_64-linux-gnu/libm-2.15.so
7f307bc6f000-7f307bd51000 r-xp 00000000 08:01 10454                      /usr/lib/x86_64-linux-gnu/libstdc++.so.6.0.16
7f307bd51000-7f307bf50000 ---p 000e2000 08:01 10454                      /usr/lib/x86_64-linux-gnu/libstdc++.so.6.0.16
7f307bf50000-7f307bf58000 r--p 000e1000 08:01 10454                      /usr/lib/x86_64-linux-gnu/libstdc++.so.6.0.16
7f307bf58000-7f307bf5a000 rw-p 000e9000 08:01 10454                      /usr/lib/x86_64-linux-gnu/libstdc++.so.6.0.16
7f307bf5a000-7f307bf6f000 rw-p 00000000 00:00 0 
7f307bf6f000-7f307c874000 r-xp 00000000 08:01 11867                      /usr/lib/jvm/java-6-openjdk-amd64/jre/lib/amd64/server/libjvm.so
7f307c874000-7f307ca74000 ---p 00905000 08:01 11867                      /usr/lib/jvm/java-6-openjdk-amd64/jre/lib/amd64/server/libjvm.so
7f307ca74000-7f307caf4000 r--p 00905000 08:01 11867                      /usr/lib/jvm/java-6-openjdk-amd64/jre/lib/amd64/server/libjvm.so
7f307caf4000-7f307cb0f000 rw-p 00985000 08:01 11867                      /usr/lib/jvm/java-6-openjdk-amd64/jre/lib/amd64/server/libjvm.so
7f307cb0f000-7f307cb38000 rw-p 00000000 00:00 0 
7f307cb38000-7f307cb4e000 r-xp 00000000 08:01 527786                     /lib/x86_64-linux-gnu/libz.so.1.2.3.4
7f307cb4e000-7f307cd4d000 ---p 00016000 08:01 527786                     /lib/x86_64-linux-gnu/libz.so.1.2.3.4
7f307cd4d000-7f307cd4e000 r--p 00015000 08:01 527786                     /lib/x86_64-linux-gnu/libz.so.1.2.3.4
7f307cd4e000-7f307cd4f000 rw-p 00016000 08:01 527786                     /lib/x86_64-linux-gnu/libz.so.1.2.3.4
7f307cd4f000-7f307cf04000 r-xp 00000000 08:01 534096                     /lib/x86_64-linux-gnu/libc-2.15.so
7f307cf04000-7f307d103000 ---p 001b5000 08:01 534096                     /lib/x86_64-linux-gnu/libc-2.15.so
7f307d103000-7f307d107000 r--p 001b4000 08:01 534096                     /lib/x86_64-linux-gnu/libc-2.15.so
7f307d107000-7f307d109000 rw-p 001b8000 08:01 534096                     /lib/x86_64-linux-gnu/libc-2.15.so
7f307d109000-7f307d10e000 rw-p 00000000 00:00 0 
7f307d10e000-7f307d110000 r-xp 00000000 08:01 534095                     /lib/x86_64-linux-gnu/libdl-2.15.so
7f307d110000-7f307d310000 ---p 00002000 08:01 534095                     /lib/x86_64-linux-gnu/libdl-2.15.so
7f307d310000-7f307d311000 r--p 00002000 08:01 534095                     /lib/x86_64-linux-gnu/libdl-2.15.so
7f307d311000-7f307d312000 rw-p 00003000 08:01 534095                     /lib/x86_64-linux-gnu/libdl-2.15.so
7f307d312000-7f307d316000 r-xp 00000000 08:01 11872                      /usr/lib/jvm/java-6-openjdk-amd64/jre/lib/amd64/jli/libjli.so
7f307d316000-7f307d515000 ---p 00004000 08:01 11872                      /usr/lib/jvm/java-6-openjdk-amd64/jre/lib/amd64/jli/libjli.so
7f307d515000-7f307d516000 r--p 00003000 08:01 11872                      /usr/lib/jvm/java-6-openjdk-amd64/jre/lib/amd64/jli/libjli.so
7f307d516000-7f307d517000 rw-p 00004000 08:01 11872                      /usr/lib/jvm/java-6-openjdk-amd64/jre/lib/amd64/jli/libjli.so
7f307d517000-7f307d52f000 r-xp 00000000 08:01 534098                     /lib/x86_64-linux-gnu/libpthread-2.15.so
7f307d52f000-7f307d72e000 ---p 00018000 08:01 534098                     /lib/x86_64-linux-gnu/libpthread-2.15.so
7f307d72e000-7f307d72f000 r--p 00017000 08:01 534098                     /lib/x86_64-linux-gnu/libpthread-2.15.so
7f307d72f000-7f307d730000 rw-p 00018000 08:01 534098                     /lib/x86_64-linux-gnu/libpthread-2.15.so
7f307d730000-7f307d734000 rw-p 00000000 00:00 0 
7f307d734000-7f307d756000 r-xp 00000000 08:01 534250                     /lib/x86_64-linux-gnu/ld-2.15.so
7f307d76c000-7f307d776000 rw-p 00000000 00:00 0 
7f307d776000-7f307d82c000 rw-p 00000000 00:00 0 
7f307d82c000-7f307d82f000 ---p 00000000 00:00 0 
7f307d82f000-7f307d932000 rw-p 00000000 00:00 0 
7f307d94a000-7f307d952000 rw-s 00000000 08:01 42512                      /tmp/hsperfdata_meltingshell/14385
7f307d952000-7f307d953000 rw-p 00000000 00:00 0 
7f307d953000-7f307d954000 r--p 00000000 00:00 0 
7f307d954000-7f307d956000 rw-p 00000000 00:00 0 
7f307d956000-7f307d957000 r--p 00022000 08:01 534250                     /lib/x86_64-linux-gnu/ld-2.15.so
7f307d957000-7f307d959000 rw-p 00023000 08:01 534250                     /lib/x86_64-linux-gnu/ld-2.15.so
7fff0652d000-7fff0654e000 rw-p 00000000 00:00 0                          [stack]
7fff065fc000-7fff065fd000 r-xp 00000000 00:00 0                          [vdso]
ffffffffff600000-ffffffffff601000 r-xp 00000000 00:00 0                  [vsyscall]

VM Arguments:
jvm_args: -Dfile.encoding=UTF-8 -Xbootclasspath:/home/meltingshell/android-sdks/platforms/android-8/android.jar 
java_command: net.sf.oneWayCrypto.CryptoUtils
Launcher Type: SUN_STANDARD

Environment Variables:
PATH=/usr/local/sbin:/usr/local/bin:/usr/sbin:/usr/bin:/sbin:/bin:/usr/games
USERNAME=meltingshell
LD_LIBRARY_PATH=/usr/lib/jvm/java-6-openjdk-amd64/jre/lib/amd64/server:/usr/lib/jvm/java-6-openjdk-amd64/jre/lib/amd64:/usr/lib/jvm/java-6-openjdk-amd64/jre/../lib/amd64
SHELL=/bin/bash
DISPLAY=:0

Signal Handlers:
SIGSEGV: [libjvm.so+0x7852e0], sa_mask[0]=0x7ffbfeff, sa_flags=0x10000004
SIGBUS: [libjvm.so+0x7852e0], sa_mask[0]=0x7ffbfeff, sa_flags=0x10000004
SIGFPE: [libjvm.so+0x648d40], sa_mask[0]=0x7ffbfeff, sa_flags=0x10000004
SIGPIPE: [libjvm.so+0x648d40], sa_mask[0]=0x7ffbfeff, sa_flags=0x10000004
SIGXFSZ: [libjvm.so+0x648d40], sa_mask[0]=0x7ffbfeff, sa_flags=0x10000004
SIGILL: [libjvm.so+0x648d40], sa_mask[0]=0x7ffbfeff, sa_flags=0x10000004
SIGUSR1: SIG_DFL, sa_mask[0]=0x00000000, sa_flags=0x00000000
SIGUSR2: [libjvm.so+0x648ef0], sa_mask[0]=0x00000004, sa_flags=0x10000004
SIGHUP: SIG_DFL, sa_mask[0]=0x00000000, sa_flags=0x00000000
SIGINT: SIG_DFL, sa_mask[0]=0x00000000, sa_flags=0x00000000
SIGTERM: SIG_DFL, sa_mask[0]=0x00000000, sa_flags=0x00000000
SIGQUIT: SIG_DFL, sa_mask[0]=0x00000000, sa_flags=0x00000000


---------------  S Y S T E M  ---------------

OS:LinuxMint 13 (maya)
uname:Linux 3.2.0-29-generic #46-Ubuntu SMP Fri Jul 27 17:03:23 UTC 2012 x86_64
libc:glibc 2.15 NPTL 2.15 
rlimit: STACK 8192k, CORE 0k, NPROC 63622, NOFILE 4096, AS infinity
load average:0.49 0.22 0.16

/proc/meminfo:
MemTotal:        8161252 kB
MemFree:         6237864 kB
Buffers:           45720 kB
Cached:           518556 kB
SwapCached:            0 kB
Active:          1428732 kB
Inactive:         225568 kB
Active(anon):    1091056 kB
Inactive(anon):     2600 kB
Active(file):     337676 kB
Inactive(file):   222968 kB
Unevictable:          16 kB
Mlocked:              16 kB
SwapTotal:             0 kB
SwapFree:              0 kB
Dirty:               124 kB
Writeback:             0 kB
AnonPages:       1090716 kB
Mapped:           114016 kB
Shmem:              3296 kB
Slab:             108064 kB
SReclaimable:      80084 kB
SUnreclaim:        27980 kB
KernelStack:        2920 kB
PageTables:        22744 kB
NFS_Unstable:          0 kB
Bounce:                0 kB
WritebackTmp:          0 kB
CommitLimit:     4080624 kB
Committed_AS:    2721872 kB
VmallocTotal:   34359738367 kB
VmallocUsed:      128376 kB
VmallocChunk:   34359606780 kB
HardwareCorrupted:     0 kB
AnonHugePages:         0 kB
HugePages_Total:       0
HugePages_Free:        0
HugePages_Rsvd:        0
HugePages_Surp:        0
Hugepagesize:       2048 kB
DirectMap4k:      130688 kB
DirectMap2M:     8241152 kB


CPU:total 4 (4 cores per cpu, 1 threads per core) family 6 model 42 stepping 7, cmov, cx8, fxsr, mmx, sse, sse2, sse3, ssse3, sse4.1, sse4.2, popcnt

Memory: 4k page, physical 8161252k(6237864k free), swap 0k(0k free)

vm_info: OpenJDK 64-Bit Server VM (20.0-b12) for linux-amd64 JRE (1.6.0_24-b24), built on Oct 24 2012 16:17:28 by "buildd" with gcc 4.6.3

time: Thu Nov 22 13:01:44 2012
elapsed time: 0 seconds

